<?xml version="1.0" encoding="UTF-8"?>
<testng-results ignored="0" total="1" passed="1" failed="0" skipped="0">
  <reporter-output>
  </reporter-output>
  <suite started-at="2022-05-17T17:14:52 PDT" name="Default suite" finished-at="2022-05-17T17:15:04 PDT" duration-ms="11241">
    <groups>
    </groups>
    <test started-at="2022-05-17T17:14:52 PDT" name="Default test" finished-at="2022-05-17T17:15:04 PDT" duration-ms="11241">
      <class name="variousConcepts.LearnTestNG">
        <test-method is-config="true" signature="readConfig()[pri:0, instance:variousConcepts.LearnTestNG@7e5afaa6]" started-at="2022-05-17T17:14:52 PDT" name="readConfig" finished-at="2022-05-17T17:14:52 PDT" duration-ms="6" status="PASS">
          <reporter-output>
          </reporter-output>
        </test-method> <!-- readConfig -->
        <test-method is-config="true" signature="init()[pri:0, instance:variousConcepts.LearnTestNG@7e5afaa6]" started-at="2022-05-17T17:14:52 PDT" name="init" finished-at="2022-05-17T17:14:59 PDT" duration-ms="7060" status="PASS">
          <reporter-output>
          </reporter-output>
        </test-method> <!-- init -->
        <test-method signature="addCustomerTest()[pri:0, instance:variousConcepts.LearnTestNG@7e5afaa6]" started-at="2022-05-17T17:14:59 PDT" name="addCustomerTest" finished-at="2022-05-17T17:15:04 PDT" duration-ms="4154" status="PASS">
          <reporter-output>
          </reporter-output>
        </test-method> <!-- addCustomerTest -->
      </class> <!-- variousConcepts.LearnTestNG -->
    </test> <!-- Default test -->
  </suite> <!-- Default suite -->
</testng-results>
